  Source.c
D:\учеба\Задачи по ЯиМП\Лабораторная работа\Лабораторная работа\Source.c(44,32): warning C4047: функция: "int *" отличается по уровням косвенного обращения от "int **"
D:\учеба\Задачи по ЯиМП\Лабораторная работа\Лабораторная работа\Source.c(44,22): warning C4024: swap: различные типы для формального и фактического параметров 1
D:\учеба\Задачи по ЯиМП\Лабораторная работа\Лабораторная работа\Source.c(44,48): warning C4047: функция: "int *" отличается по уровням косвенного обращения от "int **"
D:\учеба\Задачи по ЯиМП\Лабораторная работа\Лабораторная работа\Source.c(44,34): warning C4024: swap: различные типы для формального и фактического параметров 2
D:\учеба\Задачи по ЯиМП\Лабораторная работа\Лабораторная работа\Source.c(57,31): warning C4047: =: "int" отличается по уровням косвенного обращения от "int *"
D:\учеба\Задачи по ЯиМП\Лабораторная работа\Лабораторная работа\Source.c(59,28): warning C4047: >: "int *" отличается по уровням косвенного обращения от "int"
D:\учеба\Задачи по ЯиМП\Лабораторная работа\Лабораторная работа\Source.c(67,24): warning C4047: =: "int *" отличается по уровням косвенного обращения от "int"
D:\учеба\Задачи по ЯиМП\Лабораторная работа\Лабораторная работа\Source.c(81,35): warning C4047: =: "int" отличается по уровням косвенного обращения от "int *"
D:\учеба\Задачи по ЯиМП\Лабораторная работа\Лабораторная работа\Source.c(83,32): warning C4047: >: "int *" отличается по уровням косвенного обращения от "int"
D:\учеба\Задачи по ЯиМП\Лабораторная работа\Лабораторная работа\Source.c(91,28): warning C4047: =: "int *" отличается по уровням косвенного обращения от "int"
D:\учеба\Задачи по ЯиМП\Лабораторная работа\Лабораторная работа\Source.c(116,32): warning C4047: =: "int" отличается по уровням косвенного обращения от "int *"
D:\учеба\Задачи по ЯиМП\Лабораторная работа\Лабораторная работа\Source.c(120,32): warning C4047: =: "int" отличается по уровням косвенного обращения от "int *"
D:\учеба\Задачи по ЯиМП\Лабораторная работа\Лабораторная работа\Source.c(127,20): warning C4047: =: "int *" отличается по уровням косвенного обращения от "int"
D:\учеба\Задачи по ЯиМП\Лабораторная работа\Лабораторная работа\Source.c(148,27): warning C4047: =: "int" отличается по уровням косвенного обращения от "int *"
D:\учеба\Задачи по ЯиМП\Лабораторная работа\Лабораторная работа\Source.c(153,29): warning C4047: <: "int *" отличается по уровням косвенного обращения от "int"
D:\учеба\Задачи по ЯиМП\Лабораторная работа\Лабораторная работа\Source.c(159,29): warning C4047: >: "int *" отличается по уровням косвенного обращения от "int"
D:\учеба\Задачи по ЯиМП\Лабораторная работа\Лабораторная работа\Source.c(167,23): warning C4047: функция: "int *" отличается по уровням косвенного обращения от "int **"
D:\учеба\Задачи по ЯиМП\Лабораторная работа\Лабораторная работа\Source.c(167,18): warning C4024: swap: различные типы для формального и фактического параметров 1
D:\учеба\Задачи по ЯиМП\Лабораторная работа\Лабораторная работа\Source.c(167,30): warning C4047: функция: "int *" отличается по уровням косвенного обращения от "int **"
D:\учеба\Задачи по ЯиМП\Лабораторная работа\Лабораторная работа\Source.c(167,25): warning C4024: swap: различные типы для формального и фактического параметров 2
D:\учеба\Задачи по ЯиМП\Лабораторная работа\Лабораторная работа\Source.c(190,15): warning C4013: time: нет определения; предполагается "extern" с возвратом типа "int"
D:\учеба\Задачи по ЯиМП\Лабораторная работа\Лабораторная работа\Source.c(243,26): warning C4047: функция: "int **" отличается по уровням косвенного обращения от "int *"
D:\учеба\Задачи по ЯиМП\Лабораторная работа\Лабораторная работа\Source.c(243,24): warning C4024: bubble: различные типы для формального и фактического параметров 1
D:\учеба\Задачи по ЯиМП\Лабораторная работа\Лабораторная работа\Source.c(245,67): warning C4244: =: преобразование "double" в "long", возможна потеря данных
D:\учеба\Задачи по ЯиМП\Лабораторная работа\Лабораторная работа\Source.c(248,27): warning C4047: функция: "int **" отличается по уровням косвенного обращения от "int *"
D:\учеба\Задачи по ЯиМП\Лабораторная работа\Лабораторная работа\Source.c(248,25): warning C4024: inserts: различные типы для формального и фактического параметров 1
D:\учеба\Задачи по ЯиМП\Лабораторная работа\Лабораторная работа\Source.c(249,49): warning C4244: =: преобразование "ULONGLONG" в "long", возможна потеря данных
D:\учеба\Задачи по ЯиМП\Лабораторная работа\Лабораторная работа\Source.c(252,25): warning C4047: функция: "int **" отличается по уровням косвенного обращения от "int *"
D:\учеба\Задачи по ЯиМП\Лабораторная работа\Лабораторная работа\Source.c(252,23): warning C4024: shell: различные типы для формального и фактического параметров 1
D:\учеба\Задачи по ЯиМП\Лабораторная работа\Лабораторная работа\Source.c(254,67): warning C4244: =: преобразование "double" в "long", возможна потеря данных
D:\учеба\Задачи по ЯиМП\Лабораторная работа\Лабораторная работа\Source.c(257,26): warning C4047: функция: "int **" отличается по уровням косвенного обращения от "int *"
D:\учеба\Задачи по ЯиМП\Лабораторная работа\Лабораторная работа\Source.c(257,24): warning C4024: merger: различные типы для формального и фактического параметров 1
D:\учеба\Задачи по ЯиМП\Лабораторная работа\Лабораторная работа\Source.c(259,67): warning C4244: =: преобразование "double" в "long", возможна потеря данных
D:\учеба\Задачи по ЯиМП\Лабораторная работа\Лабораторная работа\Source.c(262,27): warning C4047: функция: "int **" отличается по уровням косвенного обращения от "int *"
D:\учеба\Задачи по ЯиМП\Лабораторная работа\Лабораторная работа\Source.c(262,25): warning C4024: quickly: различные типы для формального и фактического параметров 1
D:\учеба\Задачи по ЯиМП\Лабораторная работа\Лабораторная работа\Source.c(264,67): warning C4244: =: преобразование "double" в "long", возможна потеря данных
D:\учеба\Задачи по ЯиМП\Лабораторная работа\Лабораторная работа\Source.c(183,1): warning C4047: инициализация: "int *" отличается по уровням косвенного обращения от "int"
D:\учеба\Задачи по ЯиМП\Лабораторная работа\Лабораторная работа\Source.c(184,1): warning C4047: инициализация: "int *" отличается по уровням косвенного обращения от "int"
  Лабораторная работа.vcxproj -> D:\учеба\Задачи по ЯиМП\Лабораторная работа\Debug\Лабораторная работа.exe
