  Gauss.cpp
C:\Users\User\OneDrive\Рабочий стол\class gauss\class gauss\Matrix.h(11,9): error C2086: int Matrix::n: переопределение
C:\Users\User\OneDrive\Рабочий стол\class gauss\class gauss\Matrix.h(8): message : см. объявление "Matrix::n"
C:\Users\User\OneDrive\Рабочий стол\class gauss\class gauss\Matrix.h(11,12): error C2086: int Matrix::m: переопределение
C:\Users\User\OneDrive\Рабочий стол\class gauss\class gauss\Matrix.h(8): message : см. объявление "Matrix::m"
  main.cpp
C:\Users\User\OneDrive\Рабочий стол\class gauss\class gauss\Matrix.h(11,9): error C2086: int Matrix::n: переопределение
C:\Users\User\OneDrive\Рабочий стол\class gauss\class gauss\Matrix.h(8): message : см. объявление "Matrix::n"
C:\Users\User\OneDrive\Рабочий стол\class gauss\class gauss\Matrix.h(11,12): error C2086: int Matrix::m: переопределение
C:\Users\User\OneDrive\Рабочий стол\class gauss\class gauss\Matrix.h(8): message : см. объявление "Matrix::m"
C:\Users\User\OneDrive\Рабочий стол\class gauss\class gauss\main.cpp(8,1): warning C4326: возвращаемый тип "main" должен быть "int", а не "void"
C:\Users\User\OneDrive\Рабочий стол\class gauss\class gauss\main.cpp(11,21): error C2661: Gauss::Gauss: нет перегруженной функции, принимающей 3 аргументов
C:\Users\User\OneDrive\Рабочий стол\class gauss\class gauss\main.cpp(16,7): error C2039: "InputVectorX": не является членом "Gauss".
C:\Users\User\OneDrive\Рабочий стол\class gauss\class gauss\Gauss.h(6): message : см. объявление "Gauss"
C:\Users\User\OneDrive\Рабочий стол\class gauss\class gauss\main.cpp(18,23): error C2664: "void Gauss::Result(char,double *,int)": невозможно преобразовать аргумент 2 из "Vector" в "double *"
C:\Users\User\OneDrive\Рабочий стол\class gauss\class gauss\main.cpp(18,19): message : Для выполнения данного преобразования нет доступного оператора преобразования, определенного пользователем, или вызов оператора невозможен
C:\Users\User\OneDrive\Рабочий стол\class gauss\class gauss\Gauss.h(17,10): message : см. объявление "Gauss::Result"
C:\Users\User\OneDrive\Рабочий стол\class gauss\class gauss\main.cpp(20,23): error C2664: "void Gauss::Result(char,double *,int)": невозможно преобразовать аргумент 2 из "Vector" в "double *"
C:\Users\User\OneDrive\Рабочий стол\class gauss\class gauss\main.cpp(20,19): message : Для выполнения данного преобразования нет доступного оператора преобразования, определенного пользователем, или вызов оператора невозможен
C:\Users\User\OneDrive\Рабочий стол\class gauss\class gauss\Gauss.h(17,10): message : см. объявление "Gauss::Result"
C:\Users\User\OneDrive\Рабочий стол\class gauss\class gauss\main.cpp(22,29): error C2664: "void Gauss::GaussMethod(double **,double *,int,double *)": невозможно преобразовать аргумент 1 из "Matrix" в "double **"
C:\Users\User\OneDrive\Рабочий стол\class gauss\class gauss\main.cpp(22,19): message : Для выполнения данного преобразования нет доступного оператора преобразования, определенного пользователем, или вызов оператора невозможен
C:\Users\User\OneDrive\Рабочий стол\class gauss\class gauss\Gauss.h(16,10): message : см. объявление "Gauss::GaussMethod"
C:\Users\User\OneDrive\Рабочий стол\class gauss\class gauss\main.cpp(23,23): error C2664: "void Gauss::Result(char,double *,int)": невозможно преобразовать аргумент 2 из "Vector" в "double *"
C:\Users\User\OneDrive\Рабочий стол\class gauss\class gauss\main.cpp(23,19): message : Для выполнения данного преобразования нет доступного оператора преобразования, определенного пользователем, или вызов оператора невозможен
C:\Users\User\OneDrive\Рабочий стол\class gauss\class gauss\Gauss.h(17,10): message : см. объявление "Gauss::Result"
  Matrix.cpp
C:\Users\User\OneDrive\Рабочий стол\class gauss\class gauss\Matrix.h(11,9): error C2086: int Matrix::n: переопределение
C:\Users\User\OneDrive\Рабочий стол\class gauss\class gauss\Matrix.h(8): message : см. объявление "Matrix::n"
C:\Users\User\OneDrive\Рабочий стол\class gauss\class gauss\Matrix.h(11,12): error C2086: int Matrix::m: переопределение
C:\Users\User\OneDrive\Рабочий стол\class gauss\class gauss\Matrix.h(8): message : см. объявление "Matrix::m"
C:\Users\User\OneDrive\Рабочий стол\class gauss\class gauss\Matrix.cpp(75,25): error C2065: rows: необъявленный идентификатор
C:\Users\User\OneDrive\Рабочий стол\class gauss\class gauss\Matrix.cpp(76,29): error C2065: columns: необъявленный идентификатор
C:\Users\User\OneDrive\Рабочий стол\class gauss\class gauss\Matrix.cpp(77,13): error C2065: matrix: необъявленный идентификатор
C:\Users\User\OneDrive\Рабочий стол\class gauss\class gauss\Matrix.cpp(77,31): error C2039: "matrix": не является членом "Matrix".
C:\Users\User\OneDrive\Рабочий стол\class gauss\class gauss\Matrix.h(5): message : см. объявление "Matrix"
C:\Users\User\OneDrive\Рабочий стол\class gauss\class gauss\Matrix.cpp(144,21): error C2679: бинарный ">>": не найден оператор, принимающий правый операнд типа "double *" (или приемлемое преобразование отсутствует)
C:\Program Files (x86)\Microsoft Visual Studio\2019\Community\VC\Tools\MSVC\14.28.29333\include\istream(294,39): message : может быть "std::basic_istream<char,std::char_traits<char>> &std::basic_istream<char,std::char_traits<char>>::operator >>(std::basic_streambuf<char,std::char_traits<char>> *)"
C:\Program Files (x86)\Microsoft Visual Studio\2019\Community\VC\Tools\MSVC\14.28.29333\include\istream(290,39): message : или       "std::basic_istream<char,std::char_traits<char>> &std::basic_istream<char,std::char_traits<char>>::operator >>(void *&)"
C:\Program Files (x86)\Microsoft Visual Studio\2019\Community\VC\Tools\MSVC\14.28.29333\include\istream(286,39): message : или       "std::basic_istream<char,std::char_traits<char>> &std::basic_istream<char,std::char_traits<char>>::operator >>(long double &)"
C:\Program Files (x86)\Microsoft Visual Studio\2019\Community\VC\Tools\MSVC\14.28.29333\include\istream(282,39): message : или       "std::basic_istream<char,std::char_traits<char>> &std::basic_istream<char,std::char_traits<char>>::operator >>(double &)"
C:\Program Files (x86)\Microsoft Visual Studio\2019\Community\VC\Tools\MSVC\14.28.29333\include\istream(278,39): message : или       "std::basic_istream<char,std::char_traits<char>> &std::basic_istream<char,std::char_traits<char>>::operator >>(float &)"
C:\Program Files (x86)\Microsoft Visual Studio\2019\Community\VC\Tools\MSVC\14.28.29333\include\istream(274,39): message : или       "std::basic_istream<char,std::char_traits<char>> &std::basic_istream<char,std::char_traits<char>>::operator >>(unsigned __int64 &)"
C:\Program Files (x86)\Microsoft Visual Studio\2019\Community\VC\Tools\MSVC\14.28.29333\include\istream(270,39): message : или       "std::basic_istream<char,std::char_traits<char>> &std::basic_istream<char,std::char_traits<char>>::operator >>(__int64 &)"
C:\Program Files (x86)\Microsoft Visual Studio\2019\Community\VC\Tools\MSVC\14.28.29333\include\istream(266,39): message : или       "std::basic_istream<char,std::char_traits<char>> &std::basic_istream<char,std::char_traits<char>>::operator >>(unsigned long &)"
C:\Program Files (x86)\Microsoft Visual Studio\2019\Community\VC\Tools\MSVC\14.28.29333\include\istream(262,39): message : или       "std::basic_istream<char,std::char_traits<char>> &std::basic_istream<char,std::char_traits<char>>::operator >>(long &)"
C:\Program Files (x86)\Microsoft Visual Studio\2019\Community\VC\Tools\MSVC\14.28.29333\include\istream(258,39): message : или       "std::basic_istream<char,std::char_traits<char>> &std::basic_istream<char,std::char_traits<char>>::operator >>(unsigned int &)"
C:\Program Files (x86)\Microsoft Visual Studio\2019\Community\VC\Tools\MSVC\14.28.29333\include\istream(250,39): message : или       "std::basic_istream<char,std::char_traits<char>> &std::basic_istream<char,std::char_traits<char>>::operator >>(int &)"
C:\Program Files (x86)\Microsoft Visual Studio\2019\Community\VC\Tools\MSVC\14.28.29333\include\istream(246,39): message : или       "std::basic_istream<char,std::char_traits<char>> &std::basic_istream<char,std::char_traits<char>>::operator >>(unsigned short &)"
C:\Program Files (x86)\Microsoft Visual Studio\2019\Community\VC\Tools\MSVC\14.28.29333\include\istream(214,39): message : или       "std::basic_istream<char,std::char_traits<char>> &std::basic_istream<char,std::char_traits<char>>::operator >>(short &)"
C:\Program Files (x86)\Microsoft Visual Studio\2019\Community\VC\Tools\MSVC\14.28.29333\include\istream(210,39): message : или       "std::basic_istream<char,std::char_traits<char>> &std::basic_istream<char,std::char_traits<char>>::operator >>(bool &)"
C:\Program Files (x86)\Microsoft Visual Studio\2019\Community\VC\Tools\MSVC\14.28.29333\include\istream(188,39): message : или       "std::basic_istream<char,std::char_traits<char>> &std::basic_istream<char,std::char_traits<char>>::operator >>(std::ios_base &(__cdecl *)(std::ios_base &))"
C:\Program Files (x86)\Microsoft Visual Studio\2019\Community\VC\Tools\MSVC\14.28.29333\include\istream(183,39): message : или       "std::basic_istream<char,std::char_traits<char>> &std::basic_istream<char,std::char_traits<char>>::operator >>(std::basic_ios<char,std::char_traits<char>> &(__cdecl *)(std::basic_ios<char,std::char_traits<char>> &))"
C:\Program Files (x86)\Microsoft Visual Studio\2019\Community\VC\Tools\MSVC\14.28.29333\include\istream(178,39): message : или       "std::basic_istream<char,std::char_traits<char>> &std::basic_istream<char,std::char_traits<char>>::operator >>(std::basic_istream<char,std::char_traits<char>> &(__cdecl *)(std::basic_istream<char,std::char_traits<char>> &))"
C:\Users\User\OneDrive\Рабочий стол\class gauss\class gauss\Matrix.cpp(139,15): message : или       "std::istream &operator >>(std::istream &,Matrix &)"
C:\Program Files (x86)\Microsoft Visual Studio\2019\Community\VC\Tools\MSVC\14.28.29333\include\istream(867,31): message : или       "std::basic_istream<char,std::char_traits<char>> &std::operator >><std::char_traits<char>>(std::basic_istream<char,std::char_traits<char>> &,unsigned char &)"
C:\Program Files (x86)\Microsoft Visual Studio\2019\Community\VC\Tools\MSVC\14.28.29333\include\istream(861,31): message : или       "std::basic_istream<char,std::char_traits<char>> &std::operator >><std::char_traits<char>>(std::basic_istream<char,std::char_traits<char>> &,signed char &)"
C:\Program Files (x86)\Microsoft Visual Studio\2019\Community\VC\Tools\MSVC\14.28.29333\include\istream(832,31): message : или       "std::basic_istream<char,std::char_traits<char>> &std::operator >><std::char_traits<char>>(std::basic_istream<char,std::char_traits<char>> &,unsigned char *)"
C:\Program Files (x86)\Microsoft Visual Studio\2019\Community\VC\Tools\MSVC\14.28.29333\include\istream(827,31): message : или       "std::basic_istream<char,std::char_traits<char>> &std::operator >><std::char_traits<char>>(std::basic_istream<char,std::char_traits<char>> &,signed char *)"
C:\Users\User\OneDrive\Рабочий стол\class gauss\class gauss\Matrix.cpp(144,21): message : при попытке сопоставить список аргументов "(std::istream, double *)"
  Vector.cpp
  Создание кода...
